Traceback (most recent call last):
  File "C:\Users\jqbond\AppData\Roaming\Python\Python39\site-packages\jupyter_cache\executors\utils.py", line 51, in single_nb_execution
    executenb(
  File "C:\Users\jqbond\AppData\Roaming\Python\Python39\site-packages\nbclient\client.py", line 1204, in execute
    return NotebookClient(nb=nb, resources=resources, km=km, **kwargs).execute()
  File "C:\Users\jqbond\AppData\Roaming\Python\Python39\site-packages\nbclient\util.py", line 84, in wrapped
    return just_run(coro(*args, **kwargs))
  File "C:\Users\jqbond\AppData\Roaming\Python\Python39\site-packages\nbclient\util.py", line 62, in just_run
    return loop.run_until_complete(coro)
  File "C:\Users\jqbond\anaconda3\lib\asyncio\base_events.py", line 647, in run_until_complete
    return future.result()
  File "C:\Users\jqbond\AppData\Roaming\Python\Python39\site-packages\nbclient\client.py", line 663, in async_execute
    await self.async_execute_cell(
  File "C:\Users\jqbond\AppData\Roaming\Python\Python39\site-packages\nbclient\client.py", line 965, in async_execute_cell
    await self._check_raise_for_error(cell, cell_index, exec_reply)
  File "C:\Users\jqbond\AppData\Roaming\Python\Python39\site-packages\nbclient\client.py", line 862, in _check_raise_for_error
    raise CellExecutionError.from_cell_and_msg(cell, exec_reply_content)
nbclient.exceptions.CellExecutionError: An error occurred while executing the following cell:
------------------
CS = np.array([0, 0.001, 0.002, 0.005, 0.01, 0.02, 0.05, 0.1, 0.2, 0.5, 1, 2, 5]) #mmol/L
rate = np.array([0, 0.017537467, 0.030941975, 0.080327165, 0.1643835, 0.26569368, 0.745442547, 1.295792328, 2.419014706, 4.0402125, 5.534947297, 5.127217742, 7.074911496]) #mmol/L/min
------------------

[1;31m---------------------------------------------------------------------------[0m
[1;31mNameError[0m                                 Traceback (most recent call last)
[1;32m~\AppData\Local\Temp\ipykernel_3192\2165690069.py[0m in [0;36m<cell line: 1>[1;34m()[0m
[1;32m----> 1[1;33m [0mCS[0m [1;33m=[0m [0mnp[0m[1;33m.[0m[0marray[0m[1;33m([0m[1;33m[[0m[1;36m0[0m[1;33m,[0m [1;36m0.001[0m[1;33m,[0m [1;36m0.002[0m[1;33m,[0m [1;36m0.005[0m[1;33m,[0m [1;36m0.01[0m[1;33m,[0m [1;36m0.02[0m[1;33m,[0m [1;36m0.05[0m[1;33m,[0m [1;36m0.1[0m[1;33m,[0m [1;36m0.2[0m[1;33m,[0m [1;36m0.5[0m[1;33m,[0m [1;36m1[0m[1;33m,[0m [1;36m2[0m[1;33m,[0m [1;36m5[0m[1;33m][0m[1;33m)[0m [1;31m#mmol/L[0m[1;33m[0m[1;33m[0m[0m
[0m[0;32m      2[0m [0mrate[0m [1;33m=[0m [0mnp[0m[1;33m.[0m[0marray[0m[1;33m([0m[1;33m[[0m[1;36m0[0m[1;33m,[0m [1;36m0.017537467[0m[1;33m,[0m [1;36m0.030941975[0m[1;33m,[0m [1;36m0.080327165[0m[1;33m,[0m [1;36m0.1643835[0m[1;33m,[0m [1;36m0.26569368[0m[1;33m,[0m [1;36m0.745442547[0m[1;33m,[0m [1;36m1.295792328[0m[1;33m,[0m [1;36m2.419014706[0m[1;33m,[0m [1;36m4.0402125[0m[1;33m,[0m [1;36m5.534947297[0m[1;33m,[0m [1;36m5.127217742[0m[1;33m,[0m [1;36m7.074911496[0m[1;33m][0m[1;33m)[0m [1;31m#mmol/L/min[0m[1;33m[0m[1;33m[0m[0m

[1;31mNameError[0m: name 'np' is not defined
NameError: name 'np' is not defined

