Traceback (most recent call last):
  File "C:\Users\jqbond\AppData\Roaming\Python\Python39\site-packages\jupyter_cache\executors\utils.py", line 51, in single_nb_execution
    executenb(
  File "C:\Users\jqbond\AppData\Roaming\Python\Python39\site-packages\nbclient\client.py", line 1204, in execute
    return NotebookClient(nb=nb, resources=resources, km=km, **kwargs).execute()
  File "C:\Users\jqbond\AppData\Roaming\Python\Python39\site-packages\nbclient\util.py", line 84, in wrapped
    return just_run(coro(*args, **kwargs))
  File "C:\Users\jqbond\AppData\Roaming\Python\Python39\site-packages\nbclient\util.py", line 62, in just_run
    return loop.run_until_complete(coro)
  File "C:\Users\jqbond\anaconda3\lib\asyncio\base_events.py", line 647, in run_until_complete
    return future.result()
  File "C:\Users\jqbond\AppData\Roaming\Python\Python39\site-packages\nbclient\client.py", line 663, in async_execute
    await self.async_execute_cell(
  File "C:\Users\jqbond\AppData\Roaming\Python\Python39\site-packages\nbclient\client.py", line 965, in async_execute_cell
    await self._check_raise_for_error(cell, cell_index, exec_reply)
  File "C:\Users\jqbond\AppData\Roaming\Python\Python39\site-packages\nbclient\client.py", line 862, in _check_raise_for_error
    raise CellExecutionError.from_cell_and_msg(cell, exec_reply_content)
nbclient.exceptions.CellExecutionError: An error occurred while executing the following cell:
------------------
k     = 1
CAf   = 1
FAf   = 1
XA    = np.linspace(0.0, 0.9, 100) #Many fractional conversions
alpha = np.array([-2, -1, 0, 1, 2])#Many reaction orders
CA    = CAf*(1 - XA)
r     = k*CA**alpha
V     = FAf*XA/r
------------------

[1;31m---------------------------------------------------------------------------[0m
[1;31mValueError[0m                                Traceback (most recent call last)
[1;32m~\AppData\Local\Temp\ipykernel_19336\2990026782.py[0m in [0;36m<cell line: 7>[1;34m()[0m
[0;32m      5[0m [0malpha[0m [1;33m=[0m [0mnp[0m[1;33m.[0m[0marray[0m[1;33m([0m[1;33m[[0m[1;33m-[0m[1;36m2[0m[1;33m,[0m [1;33m-[0m[1;36m1[0m[1;33m,[0m [1;36m0[0m[1;33m,[0m [1;36m1[0m[1;33m,[0m [1;36m2[0m[1;33m][0m[1;33m)[0m[1;31m#Many reaction orders[0m[1;33m[0m[1;33m[0m[0m
[0;32m      6[0m [0mCA[0m    [1;33m=[0m [0mCAf[0m[1;33m*[0m[1;33m([0m[1;36m1[0m [1;33m-[0m [0mXA[0m[1;33m)[0m[1;33m[0m[1;33m[0m[0m
[1;32m----> 7[1;33m [0mr[0m     [1;33m=[0m [0mk[0m[1;33m*[0m[0mCA[0m[1;33m**[0m[0malpha[0m[1;33m[0m[1;33m[0m[0m
[0m[0;32m      8[0m [0mV[0m     [1;33m=[0m [0mFAf[0m[1;33m*[0m[0mXA[0m[1;33m/[0m[0mr[0m[1;33m[0m[1;33m[0m[0m

[1;31mValueError[0m: operands could not be broadcast together with shapes (100,) (5,) 
ValueError: operands could not be broadcast together with shapes (100,) (5,) 

