Traceback (most recent call last):
  File "C:\Users\jqbond\AppData\Roaming\Python\Python39\site-packages\jupyter_cache\executors\utils.py", line 51, in single_nb_execution
    executenb(
  File "C:\Users\jqbond\AppData\Roaming\Python\Python39\site-packages\nbclient\client.py", line 1204, in execute
    return NotebookClient(nb=nb, resources=resources, km=km, **kwargs).execute()
  File "C:\Users\jqbond\AppData\Roaming\Python\Python39\site-packages\nbclient\util.py", line 84, in wrapped
    return just_run(coro(*args, **kwargs))
  File "C:\Users\jqbond\AppData\Roaming\Python\Python39\site-packages\nbclient\util.py", line 62, in just_run
    return loop.run_until_complete(coro)
  File "C:\Users\jqbond\anaconda3\lib\asyncio\base_events.py", line 647, in run_until_complete
    return future.result()
  File "C:\Users\jqbond\AppData\Roaming\Python\Python39\site-packages\nbclient\client.py", line 663, in async_execute
    await self.async_execute_cell(
  File "C:\Users\jqbond\AppData\Roaming\Python\Python39\site-packages\nbclient\client.py", line 965, in async_execute_cell
    await self._check_raise_for_error(cell, cell_index, exec_reply)
  File "C:\Users\jqbond\AppData\Roaming\Python\Python39\site-packages\nbclient\client.py", line 862, in _check_raise_for_error
    raise CellExecutionError.from_cell_and_msg(cell, exec_reply_content)
nbclient.exceptions.CellExecutionError: An error occurred while executing the following cell:
------------------
#Now we solve the system of 3 equations/3 unknowns

var0    = (20000, 10000, 1000)
solP03 = opt.root(MR03, var0)
print(solP03, '\n')

print(f'The Volume required to achive 50% Benzene conversion is {solP03.x[2]:3.1f}L')
------------------

[1;31m---------------------------------------------------------------------------[0m
[1;31mNameError[0m                                 Traceback (most recent call last)
[1;32m~\AppData\Local\Temp\ipykernel_9640\3263356171.py[0m in [0;36m<cell line: 4>[1;34m()[0m
[0;32m      2[0m [1;33m[0m[0m
[0;32m      3[0m [0mvar0[0m    [1;33m=[0m [1;33m([0m[1;36m20000[0m[1;33m,[0m [1;36m10000[0m[1;33m,[0m [1;36m1000[0m[1;33m)[0m[1;33m[0m[1;33m[0m[0m
[1;32m----> 4[1;33m [0msolP03[0m [1;33m=[0m [0mopt[0m[1;33m.[0m[0mroot[0m[1;33m([0m[0mMR03[0m[1;33m,[0m [0mvar0[0m[1;33m)[0m[1;33m[0m[1;33m[0m[0m
[0m[0;32m      5[0m [0mprint[0m[1;33m([0m[0msolP03[0m[1;33m,[0m [1;34m'\n'[0m[1;33m)[0m[1;33m[0m[1;33m[0m[0m
[0;32m      6[0m [1;33m[0m[0m

[1;31mNameError[0m: name 'MR03' is not defined
NameError: name 'MR03' is not defined

